[01-Oct-2023 12:23:21 UTC] PHP Deprecated:  trim(): Passing null to parameter #1 ($string) of type string is deprecated in D:\Xampp\htdocs\Docker\docker-eurostone\wp_data\wp-content\plugins\permalinks-customizer\frontend\class-permalinks-customizer-frontend.php on line 770
[01-Oct-2023 12:23:21 UTC] PHP Deprecated:  trim(): Passing null to parameter #1 ($string) of type string is deprecated in D:\Xampp\htdocs\Docker\docker-eurostone\wp_data\wp-content\plugins\permalinks-customizer\frontend\class-permalinks-customizer-frontend.php on line 770
[01-Oct-2023 12:23:21 UTC] PHP Deprecated:  trim(): Passing null to parameter #1 ($string) of type string is deprecated in D:\Xampp\htdocs\Docker\docker-eurostone\wp_data\wp-content\plugins\permalinks-customizer\frontend\class-permalinks-customizer-frontend.php on line 770
[01-Oct-2023 12:23:21 UTC] PHP Deprecated:  trim(): Passing null to parameter #1 ($string) of type string is deprecated in D:\Xampp\htdocs\Docker\docker-eurostone\wp_data\wp-content\plugins\permalinks-customizer\frontend\class-permalinks-customizer-frontend.php on line 770
[01-Oct-2023 12:23:21 UTC] PHP Deprecated:  trim(): Passing null to parameter #1 ($string) of type string is deprecated in D:\Xampp\htdocs\Docker\docker-eurostone\wp_data\wp-content\plugins\permalinks-customizer\frontend\class-permalinks-customizer-frontend.php on line 770
[01-Oct-2023 12:23:21 UTC] PHP Deprecated:  trim(): Passing null to parameter #1 ($string) of type string is deprecated in D:\Xampp\htdocs\Docker\docker-eurostone\wp_data\wp-content\plugins\permalinks-customizer\frontend\class-permalinks-customizer-frontend.php on line 770
[01-Oct-2023 12:23:21 UTC] PHP Deprecated:  trim(): Passing null to parameter #1 ($string) of type string is deprecated in D:\Xampp\htdocs\Docker\docker-eurostone\wp_data\wp-content\plugins\permalinks-customizer\frontend\class-permalinks-customizer-frontend.php on line 770
[01-Oct-2023 12:23:21 UTC] PHP Deprecated:  trim(): Passing null to parameter #1 ($string) of type string is deprecated in D:\Xampp\htdocs\Docker\docker-eurostone\wp_data\wp-content\plugins\permalinks-customizer\frontend\class-permalinks-customizer-frontend.php on line 770
[01-Oct-2023 12:23:21 UTC] PHP Deprecated:  trim(): Passing null to parameter #1 ($string) of type string is deprecated in D:\Xampp\htdocs\Docker\docker-eurostone\wp_data\wp-content\plugins\permalinks-customizer\frontend\class-permalinks-customizer-frontend.php on line 770
[01-Oct-2023 12:23:21 UTC] PHP Deprecated:  trim(): Passing null to parameter #1 ($string) of type string is deprecated in D:\Xampp\htdocs\Docker\docker-eurostone\wp_data\wp-content\plugins\permalinks-customizer\frontend\class-permalinks-customizer-frontend.php on line 770
[01-Oct-2023 12:23:21 UTC] PHP Deprecated:  trim(): Passing null to parameter #1 ($string) of type string is deprecated in D:\Xampp\htdocs\Docker\docker-eurostone\wp_data\wp-content\plugins\permalinks-customizer\frontend\class-permalinks-customizer-frontend.php on line 770
[01-Oct-2023 12:23:21 UTC] PHP Deprecated:  trim(): Passing null to parameter #1 ($string) of type string is deprecated in D:\Xampp\htdocs\Docker\docker-eurostone\wp_data\wp-content\plugins\permalinks-customizer\frontend\class-permalinks-customizer-frontend.php on line 770
[01-Oct-2023 12:23:21 UTC] PHP Deprecated:  trim(): Passing null to parameter #1 ($string) of type string is deprecated in D:\Xampp\htdocs\Docker\docker-eurostone\wp_data\wp-content\plugins\permalinks-customizer\frontend\class-permalinks-customizer-frontend.php on line 770
[01-Oct-2023 12:23:21 UTC] PHP Deprecated:  trim(): Passing null to parameter #1 ($string) of type string is deprecated in D:\Xampp\htdocs\Docker\docker-eurostone\wp_data\wp-content\plugins\permalinks-customizer\frontend\class-permalinks-customizer-frontend.php on line 770
[01-Oct-2023 12:23:36 UTC] PHP Deprecated:  trim(): Passing null to parameter #1 ($string) of type string is deprecated in D:\Xampp\htdocs\Docker\docker-eurostone\wp_data\wp-content\plugins\permalinks-customizer\frontend\class-permalinks-customizer-frontend.php on line 770
[01-Oct-2023 12:23:36 UTC] PHP Deprecated:  trim(): Passing null to parameter #1 ($string) of type string is deprecated in D:\Xampp\htdocs\Docker\docker-eurostone\wp_data\wp-content\plugins\permalinks-customizer\frontend\class-permalinks-customizer-frontend.php on line 770
[01-Oct-2023 12:23:36 UTC] PHP Deprecated:  trim(): Passing null to parameter #1 ($string) of type string is deprecated in D:\Xampp\htdocs\Docker\docker-eurostone\wp_data\wp-content\plugins\permalinks-customizer\frontend\class-permalinks-customizer-frontend.php on line 770
[01-Oct-2023 12:23:36 UTC] PHP Deprecated:  trim(): Passing null to parameter #1 ($string) of type string is deprecated in D:\Xampp\htdocs\Docker\docker-eurostone\wp_data\wp-content\plugins\permalinks-customizer\frontend\class-permalinks-customizer-frontend.php on line 770
[01-Oct-2023 12:23:36 UTC] PHP Deprecated:  trim(): Passing null to parameter #1 ($string) of type string is deprecated in D:\Xampp\htdocs\Docker\docker-eurostone\wp_data\wp-content\plugins\permalinks-customizer\frontend\class-permalinks-customizer-frontend.php on line 770
[01-Oct-2023 12:23:36 UTC] PHP Deprecated:  trim(): Passing null to parameter #1 ($string) of type string is deprecated in D:\Xampp\htdocs\Docker\docker-eurostone\wp_data\wp-content\plugins\permalinks-customizer\frontend\class-permalinks-customizer-frontend.php on line 770
[01-Oct-2023 12:23:36 UTC] PHP Deprecated:  trim(): Passing null to parameter #1 ($string) of type string is deprecated in D:\Xampp\htdocs\Docker\docker-eurostone\wp_data\wp-content\plugins\permalinks-customizer\frontend\class-permalinks-customizer-frontend.php on line 770
[01-Oct-2023 12:23:36 UTC] PHP Deprecated:  trim(): Passing null to parameter #1 ($string) of type string is deprecated in D:\Xampp\htdocs\Docker\docker-eurostone\wp_data\wp-content\plugins\permalinks-customizer\frontend\class-permalinks-customizer-frontend.php on line 770
[01-Oct-2023 12:23:36 UTC] PHP Deprecated:  trim(): Passing null to parameter #1 ($string) of type string is deprecated in D:\Xampp\htdocs\Docker\docker-eurostone\wp_data\wp-content\plugins\permalinks-customizer\frontend\class-permalinks-customizer-frontend.php on line 770
[01-Oct-2023 12:23:36 UTC] PHP Deprecated:  trim(): Passing null to parameter #1 ($string) of type string is deprecated in D:\Xampp\htdocs\Docker\docker-eurostone\wp_data\wp-content\plugins\permalinks-customizer\frontend\class-permalinks-customizer-frontend.php on line 770
[01-Oct-2023 12:23:36 UTC] PHP Deprecated:  trim(): Passing null to parameter #1 ($string) of type string is deprecated in D:\Xampp\htdocs\Docker\docker-eurostone\wp_data\wp-content\plugins\permalinks-customizer\frontend\class-permalinks-customizer-frontend.php on line 770
[01-Oct-2023 12:23:36 UTC] PHP Deprecated:  trim(): Passing null to parameter #1 ($string) of type string is deprecated in D:\Xampp\htdocs\Docker\docker-eurostone\wp_data\wp-content\plugins\permalinks-customizer\frontend\class-permalinks-customizer-frontend.php on line 770
[01-Oct-2023 12:23:36 UTC] PHP Warning:  Undefined variable $taxonomy_term in D:\Xampp\htdocs\Docker\docker-eurostone\wp_data\wp-content\themes\eurostone\module\module-features.php on line 2
[01-Oct-2023 12:23:36 UTC] PHP Deprecated:  trim(): Passing null to parameter #1 ($string) of type string is deprecated in D:\Xampp\htdocs\Docker\docker-eurostone\wp_data\wp-content\plugins\permalinks-customizer\frontend\class-permalinks-customizer-frontend.php on line 770
[01-Oct-2023 12:23:36 UTC] PHP Deprecated:  trim(): Passing null to parameter #1 ($string) of type string is deprecated in D:\Xampp\htdocs\Docker\docker-eurostone\wp_data\wp-content\plugins\permalinks-customizer\frontend\class-permalinks-customizer-frontend.php on line 770
[01-Oct-2023 12:23:36 UTC] PHP Deprecated:  trim(): Passing null to parameter #1 ($string) of type string is deprecated in D:\Xampp\htdocs\Docker\docker-eurostone\wp_data\wp-content\plugins\permalinks-customizer\frontend\class-permalinks-customizer-frontend.php on line 770
[01-Oct-2023 12:23:43 UTC] PHP Warning:  Undefined array key "id" in D:\Xampp\htdocs\Docker\docker-eurostone\wp_data\wp-content\themes\eurostone\template-parts\content-taxonomy.php on line 10
[01-Oct-2023 13:01:47 UTC] PHP Deprecated:  trim(): Passing null to parameter #1 ($string) of type string is deprecated in D:\Xampp\htdocs\Docker\docker-eurostone\wp_data\wp-content\plugins\permalinks-customizer\frontend\class-permalinks-customizer-frontend.php on line 770
[01-Oct-2023 13:01:47 UTC] PHP Deprecated:  trim(): Passing null to parameter #1 ($string) of type string is deprecated in D:\Xampp\htdocs\Docker\docker-eurostone\wp_data\wp-content\plugins\permalinks-customizer\frontend\class-permalinks-customizer-frontend.php on line 770
[01-Oct-2023 13:01:47 UTC] PHP Deprecated:  trim(): Passing null to parameter #1 ($string) of type string is deprecated in D:\Xampp\htdocs\Docker\docker-eurostone\wp_data\wp-content\plugins\permalinks-customizer\frontend\class-permalinks-customizer-frontend.php on line 770
[01-Oct-2023 13:01:47 UTC] PHP Deprecated:  trim(): Passing null to parameter #1 ($string) of type string is deprecated in D:\Xampp\htdocs\Docker\docker-eurostone\wp_data\wp-content\plugins\permalinks-customizer\frontend\class-permalinks-customizer-frontend.php on line 770
[01-Oct-2023 13:01:47 UTC] PHP Deprecated:  trim(): Passing null to parameter #1 ($string) of type string is deprecated in D:\Xampp\htdocs\Docker\docker-eurostone\wp_data\wp-content\plugins\permalinks-customizer\frontend\class-permalinks-customizer-frontend.php on line 770
[01-Oct-2023 13:01:47 UTC] PHP Deprecated:  trim(): Passing null to parameter #1 ($string) of type string is deprecated in D:\Xampp\htdocs\Docker\docker-eurostone\wp_data\wp-content\plugins\permalinks-customizer\frontend\class-permalinks-customizer-frontend.php on line 770
[01-Oct-2023 13:01:47 UTC] PHP Deprecated:  trim(): Passing null to parameter #1 ($string) of type string is deprecated in D:\Xampp\htdocs\Docker\docker-eurostone\wp_data\wp-content\plugins\permalinks-customizer\frontend\class-permalinks-customizer-frontend.php on line 770
[01-Oct-2023 13:01:47 UTC] PHP Deprecated:  trim(): Passing null to parameter #1 ($string) of type string is deprecated in D:\Xampp\htdocs\Docker\docker-eurostone\wp_data\wp-content\plugins\permalinks-customizer\frontend\class-permalinks-customizer-frontend.php on line 770
[01-Oct-2023 13:01:47 UTC] PHP Deprecated:  trim(): Passing null to parameter #1 ($string) of type string is deprecated in D:\Xampp\htdocs\Docker\docker-eurostone\wp_data\wp-content\plugins\permalinks-customizer\frontend\class-permalinks-customizer-frontend.php on line 770
[01-Oct-2023 13:01:47 UTC] PHP Deprecated:  trim(): Passing null to parameter #1 ($string) of type string is deprecated in D:\Xampp\htdocs\Docker\docker-eurostone\wp_data\wp-content\plugins\permalinks-customizer\frontend\class-permalinks-customizer-frontend.php on line 770
[01-Oct-2023 13:01:48 UTC] PHP Deprecated:  trim(): Passing null to parameter #1 ($string) of type string is deprecated in D:\Xampp\htdocs\Docker\docker-eurostone\wp_data\wp-content\plugins\permalinks-customizer\frontend\class-permalinks-customizer-frontend.php on line 770
[01-Oct-2023 13:01:48 UTC] PHP Deprecated:  trim(): Passing null to parameter #1 ($string) of type string is deprecated in D:\Xampp\htdocs\Docker\docker-eurostone\wp_data\wp-content\plugins\permalinks-customizer\frontend\class-permalinks-customizer-frontend.php on line 770
[01-Oct-2023 13:01:48 UTC] PHP Deprecated:  trim(): Passing null to parameter #1 ($string) of type string is deprecated in D:\Xampp\htdocs\Docker\docker-eurostone\wp_data\wp-content\plugins\permalinks-customizer\frontend\class-permalinks-customizer-frontend.php on line 770
[01-Oct-2023 13:01:48 UTC] PHP Deprecated:  trim(): Passing null to parameter #1 ($string) of type string is deprecated in D:\Xampp\htdocs\Docker\docker-eurostone\wp_data\wp-content\plugins\permalinks-customizer\frontend\class-permalinks-customizer-frontend.php on line 770
[01-Oct-2023 13:01:48 UTC] PHP Deprecated:  trim(): Passing null to parameter #1 ($string) of type string is deprecated in D:\Xampp\htdocs\Docker\docker-eurostone\wp_data\wp-content\plugins\permalinks-customizer\frontend\class-permalinks-customizer-frontend.php on line 770
[01-Oct-2023 14:39:16 UTC] PHP Deprecated:  trim(): Passing null to parameter #1 ($string) of type string is deprecated in D:\Xampp\htdocs\Docker\docker-eurostone\wp_data\wp-content\plugins\permalinks-customizer\frontend\class-permalinks-customizer-frontend.php on line 770
[01-Oct-2023 14:39:16 UTC] PHP Deprecated:  trim(): Passing null to parameter #1 ($string) of type string is deprecated in D:\Xampp\htdocs\Docker\docker-eurostone\wp_data\wp-content\plugins\permalinks-customizer\frontend\class-permalinks-customizer-frontend.php on line 770
[01-Oct-2023 14:39:16 UTC] PHP Deprecated:  trim(): Passing null to parameter #1 ($string) of type string is deprecated in D:\Xampp\htdocs\Docker\docker-eurostone\wp_data\wp-content\plugins\permalinks-customizer\frontend\class-permalinks-customizer-frontend.php on line 770
[01-Oct-2023 14:39:16 UTC] PHP Deprecated:  trim(): Passing null to parameter #1 ($string) of type string is deprecated in D:\Xampp\htdocs\Docker\docker-eurostone\wp_data\wp-content\plugins\permalinks-customizer\frontend\class-permalinks-customizer-frontend.php on line 770
[01-Oct-2023 14:39:16 UTC] PHP Deprecated:  trim(): Passing null to parameter #1 ($string) of type string is deprecated in D:\Xampp\htdocs\Docker\docker-eurostone\wp_data\wp-content\plugins\permalinks-customizer\frontend\class-permalinks-customizer-frontend.php on line 770
[01-Oct-2023 14:39:16 UTC] PHP Deprecated:  trim(): Passing null to parameter #1 ($string) of type string is deprecated in D:\Xampp\htdocs\Docker\docker-eurostone\wp_data\wp-content\plugins\permalinks-customizer\frontend\class-permalinks-customizer-frontend.php on line 770
[01-Oct-2023 14:39:16 UTC] PHP Deprecated:  trim(): Passing null to parameter #1 ($string) of type string is deprecated in D:\Xampp\htdocs\Docker\docker-eurostone\wp_data\wp-content\plugins\permalinks-customizer\frontend\class-permalinks-customizer-frontend.php on line 770
[01-Oct-2023 14:39:16 UTC] PHP Deprecated:  trim(): Passing null to parameter #1 ($string) of type string is deprecated in D:\Xampp\htdocs\Docker\docker-eurostone\wp_data\wp-content\plugins\permalinks-customizer\frontend\class-permalinks-customizer-frontend.php on line 770
[01-Oct-2023 14:39:16 UTC] PHP Deprecated:  trim(): Passing null to parameter #1 ($string) of type string is deprecated in D:\Xampp\htdocs\Docker\docker-eurostone\wp_data\wp-content\plugins\permalinks-customizer\frontend\class-permalinks-customizer-frontend.php on line 770
[01-Oct-2023 14:39:16 UTC] PHP Deprecated:  trim(): Passing null to parameter #1 ($string) of type string is deprecated in D:\Xampp\htdocs\Docker\docker-eurostone\wp_data\wp-content\plugins\permalinks-customizer\frontend\class-permalinks-customizer-frontend.php on line 770
[01-Oct-2023 14:39:16 UTC] PHP Deprecated:  trim(): Passing null to parameter #1 ($string) of type string is deprecated in D:\Xampp\htdocs\Docker\docker-eurostone\wp_data\wp-content\plugins\permalinks-customizer\frontend\class-permalinks-customizer-frontend.php on line 770
[01-Oct-2023 14:39:16 UTC] PHP Deprecated:  trim(): Passing null to parameter #1 ($string) of type string is deprecated in D:\Xampp\htdocs\Docker\docker-eurostone\wp_data\wp-content\plugins\permalinks-customizer\frontend\class-permalinks-customizer-frontend.php on line 770
[01-Oct-2023 14:39:16 UTC] PHP Deprecated:  trim(): Passing null to parameter #1 ($string) of type string is deprecated in D:\Xampp\htdocs\Docker\docker-eurostone\wp_data\wp-content\plugins\permalinks-customizer\frontend\class-permalinks-customizer-frontend.php on line 770
[01-Oct-2023 14:39:16 UTC] PHP Deprecated:  trim(): Passing null to parameter #1 ($string) of type string is deprecated in D:\Xampp\htdocs\Docker\docker-eurostone\wp_data\wp-content\plugins\permalinks-customizer\frontend\class-permalinks-customizer-frontend.php on line 770
[01-Oct-2023 14:39:16 UTC] PHP Deprecated:  trim(): Passing null to parameter #1 ($string) of type string is deprecated in D:\Xampp\htdocs\Docker\docker-eurostone\wp_data\wp-content\plugins\permalinks-customizer\frontend\class-permalinks-customizer-frontend.php on line 770
[01-Oct-2023 14:39:45 UTC] PHP Deprecated:  urldecode(): Passing null to parameter #1 ($string) of type string is deprecated in D:\Xampp\htdocs\Docker\docker-eurostone\wp_data\wp-content\plugins\permalinks-customizer\frontend\class-permalinks-customizer-form.php on line 148
[01-Oct-2023 14:39:45 UTC] PHP Deprecated:  urldecode(): Passing null to parameter #1 ($string) of type string is deprecated in D:\Xampp\htdocs\Docker\docker-eurostone\wp_data\wp-content\plugins\permalinks-customizer\frontend\class-permalinks-customizer-form.php on line 149
[01-Oct-2023 14:39:45 UTC] PHP Deprecated:  trim(): Passing null to parameter #1 ($string) of type string is deprecated in D:\Xampp\htdocs\Docker\docker-eurostone\wp_data\wp-content\plugins\permalinks-customizer\frontend\class-permalinks-customizer-frontend.php on line 770
[01-Oct-2023 14:39:45 UTC] PHP Deprecated:  trim(): Passing null to parameter #1 ($string) of type string is deprecated in D:\Xampp\htdocs\Docker\docker-eurostone\wp_data\wp-content\plugins\permalinks-customizer\frontend\class-permalinks-customizer-frontend.php on line 770
[01-Oct-2023 14:39:45 UTC] PHP Deprecated:  trim(): Passing null to parameter #1 ($string) of type string is deprecated in D:\Xampp\htdocs\Docker\docker-eurostone\wp_data\wp-content\plugins\permalinks-customizer\frontend\class-permalinks-customizer-frontend.php on line 770
[01-Oct-2023 14:39:45 UTC] PHP Deprecated:  trim(): Passing null to parameter #1 ($string) of type string is deprecated in D:\Xampp\htdocs\Docker\docker-eurostone\wp_data\wp-content\plugins\permalinks-customizer\frontend\class-permalinks-customizer-frontend.php on line 770
[01-Oct-2023 14:39:45 UTC] PHP Deprecated:  trim(): Passing null to parameter #1 ($string) of type string is deprecated in D:\Xampp\htdocs\Docker\docker-eurostone\wp_data\wp-content\plugins\permalinks-customizer\frontend\class-permalinks-customizer-frontend.php on line 770
[01-Oct-2023 14:39:45 UTC] PHP Deprecated:  trim(): Passing null to parameter #1 ($string) of type string is deprecated in D:\Xampp\htdocs\Docker\docker-eurostone\wp_data\wp-content\plugins\permalinks-customizer\frontend\class-permalinks-customizer-frontend.php on line 770
[01-Oct-2023 14:39:45 UTC] PHP Deprecated:  trim(): Passing null to parameter #1 ($string) of type string is deprecated in D:\Xampp\htdocs\Docker\docker-eurostone\wp_data\wp-content\plugins\permalinks-customizer\frontend\class-permalinks-customizer-frontend.php on line 770
[01-Oct-2023 14:39:45 UTC] PHP Deprecated:  trim(): Passing null to parameter #1 ($string) of type string is deprecated in D:\Xampp\htdocs\Docker\docker-eurostone\wp_data\wp-content\plugins\permalinks-customizer\frontend\class-permalinks-customizer-frontend.php on line 770
[01-Oct-2023 14:39:45 UTC] PHP Deprecated:  trim(): Passing null to parameter #1 ($string) of type string is deprecated in D:\Xampp\htdocs\Docker\docker-eurostone\wp_data\wp-content\plugins\permalinks-customizer\frontend\class-permalinks-customizer-frontend.php on line 770
[01-Oct-2023 14:39:45 UTC] PHP Deprecated:  trim(): Passing null to parameter #1 ($string) of type string is deprecated in D:\Xampp\htdocs\Docker\docker-eurostone\wp_data\wp-content\plugins\permalinks-customizer\frontend\class-permalinks-customizer-frontend.php on line 770
[01-Oct-2023 14:39:45 UTC] PHP Deprecated:  trim(): Passing null to parameter #1 ($string) of type string is deprecated in D:\Xampp\htdocs\Docker\docker-eurostone\wp_data\wp-content\plugins\permalinks-customizer\frontend\class-permalinks-customizer-frontend.php on line 770
[01-Oct-2023 14:39:45 UTC] PHP Deprecated:  trim(): Passing null to parameter #1 ($string) of type string is deprecated in D:\Xampp\htdocs\Docker\docker-eurostone\wp_data\wp-content\plugins\permalinks-customizer\frontend\class-permalinks-customizer-frontend.php on line 770
[01-Oct-2023 14:39:45 UTC] PHP Deprecated:  trim(): Passing null to parameter #1 ($string) of type string is deprecated in D:\Xampp\htdocs\Docker\docker-eurostone\wp_data\wp-content\plugins\permalinks-customizer\frontend\class-permalinks-customizer-frontend.php on line 770
[01-Oct-2023 14:39:50 UTC] PHP Warning:  Undefined array key "id" in D:\Xampp\htdocs\Docker\docker-eurostone\wp_data\wp-content\themes\eurostone\template-parts\content-taxonomy.php on line 10
[01-Oct-2023 14:39:58 UTC] PHP Deprecated:  urldecode(): Passing null to parameter #1 ($string) of type string is deprecated in D:\Xampp\htdocs\Docker\docker-eurostone\wp_data\wp-content\plugins\permalinks-customizer\frontend\class-permalinks-customizer-form.php on line 148
[01-Oct-2023 14:39:58 UTC] PHP Deprecated:  urldecode(): Passing null to parameter #1 ($string) of type string is deprecated in D:\Xampp\htdocs\Docker\docker-eurostone\wp_data\wp-content\plugins\permalinks-customizer\frontend\class-permalinks-customizer-form.php on line 149
[01-Oct-2023 14:39:58 UTC] PHP Deprecated:  trim(): Passing null to parameter #1 ($string) of type string is deprecated in D:\Xampp\htdocs\Docker\docker-eurostone\wp_data\wp-content\plugins\permalinks-customizer\frontend\class-permalinks-customizer-frontend.php on line 770
[01-Oct-2023 14:39:58 UTC] PHP Deprecated:  trim(): Passing null to parameter #1 ($string) of type string is deprecated in D:\Xampp\htdocs\Docker\docker-eurostone\wp_data\wp-content\plugins\permalinks-customizer\frontend\class-permalinks-customizer-frontend.php on line 770
[01-Oct-2023 14:39:58 UTC] PHP Deprecated:  trim(): Passing null to parameter #1 ($string) of type string is deprecated in D:\Xampp\htdocs\Docker\docker-eurostone\wp_data\wp-content\plugins\permalinks-customizer\frontend\class-permalinks-customizer-frontend.php on line 770
[01-Oct-2023 14:39:58 UTC] PHP Deprecated:  trim(): Passing null to parameter #1 ($string) of type string is deprecated in D:\Xampp\htdocs\Docker\docker-eurostone\wp_data\wp-content\plugins\permalinks-customizer\frontend\class-permalinks-customizer-frontend.php on line 770
[01-Oct-2023 14:39:58 UTC] PHP Deprecated:  trim(): Passing null to parameter #1 ($string) of type string is deprecated in D:\Xampp\htdocs\Docker\docker-eurostone\wp_data\wp-content\plugins\permalinks-customizer\frontend\class-permalinks-customizer-frontend.php on line 770
[01-Oct-2023 14:39:58 UTC] PHP Deprecated:  trim(): Passing null to parameter #1 ($string) of type string is deprecated in D:\Xampp\htdocs\Docker\docker-eurostone\wp_data\wp-content\plugins\permalinks-customizer\frontend\class-permalinks-customizer-frontend.php on line 770
[01-Oct-2023 14:39:58 UTC] PHP Deprecated:  trim(): Passing null to parameter #1 ($string) of type string is deprecated in D:\Xampp\htdocs\Docker\docker-eurostone\wp_data\wp-content\plugins\permalinks-customizer\frontend\class-permalinks-customizer-frontend.php on line 770
[01-Oct-2023 14:39:58 UTC] PHP Deprecated:  trim(): Passing null to parameter #1 ($string) of type string is deprecated in D:\Xampp\htdocs\Docker\docker-eurostone\wp_data\wp-content\plugins\permalinks-customizer\frontend\class-permalinks-customizer-frontend.php on line 770
[01-Oct-2023 14:39:58 UTC] PHP Deprecated:  trim(): Passing null to parameter #1 ($string) of type string is deprecated in D:\Xampp\htdocs\Docker\docker-eurostone\wp_data\wp-content\plugins\permalinks-customizer\frontend\class-permalinks-customizer-frontend.php on line 770
[01-Oct-2023 14:39:58 UTC] PHP Deprecated:  trim(): Passing null to parameter #1 ($string) of type string is deprecated in D:\Xampp\htdocs\Docker\docker-eurostone\wp_data\wp-content\plugins\permalinks-customizer\frontend\class-permalinks-customizer-frontend.php on line 770
[01-Oct-2023 14:39:58 UTC] PHP Deprecated:  trim(): Passing null to parameter #1 ($string) of type string is deprecated in D:\Xampp\htdocs\Docker\docker-eurostone\wp_data\wp-content\plugins\permalinks-customizer\frontend\class-permalinks-customizer-frontend.php on line 770
[01-Oct-2023 14:39:58 UTC] PHP Deprecated:  trim(): Passing null to parameter #1 ($string) of type string is deprecated in D:\Xampp\htdocs\Docker\docker-eurostone\wp_data\wp-content\plugins\permalinks-customizer\frontend\class-permalinks-customizer-frontend.php on line 770
[01-Oct-2023 14:39:58 UTC] PHP Deprecated:  trim(): Passing null to parameter #1 ($string) of type string is deprecated in D:\Xampp\htdocs\Docker\docker-eurostone\wp_data\wp-content\plugins\permalinks-customizer\frontend\class-permalinks-customizer-frontend.php on line 770
[01-Oct-2023 14:40:24 UTC] PHP Deprecated:  urldecode(): Passing null to parameter #1 ($string) of type string is deprecated in D:\Xampp\htdocs\Docker\docker-eurostone\wp_data\wp-content\plugins\permalinks-customizer\frontend\class-permalinks-customizer-form.php on line 148
[01-Oct-2023 14:40:24 UTC] PHP Deprecated:  urldecode(): Passing null to parameter #1 ($string) of type string is deprecated in D:\Xampp\htdocs\Docker\docker-eurostone\wp_data\wp-content\plugins\permalinks-customizer\frontend\class-permalinks-customizer-form.php on line 149
[01-Oct-2023 14:40:24 UTC] PHP Deprecated:  trim(): Passing null to parameter #1 ($string) of type string is deprecated in D:\Xampp\htdocs\Docker\docker-eurostone\wp_data\wp-content\plugins\permalinks-customizer\frontend\class-permalinks-customizer-frontend.php on line 770
[01-Oct-2023 14:40:24 UTC] PHP Deprecated:  trim(): Passing null to parameter #1 ($string) of type string is deprecated in D:\Xampp\htdocs\Docker\docker-eurostone\wp_data\wp-content\plugins\permalinks-customizer\frontend\class-permalinks-customizer-frontend.php on line 770
[01-Oct-2023 14:40:24 UTC] PHP Deprecated:  trim(): Passing null to parameter #1 ($string) of type string is deprecated in D:\Xampp\htdocs\Docker\docker-eurostone\wp_data\wp-content\plugins\permalinks-customizer\frontend\class-permalinks-customizer-frontend.php on line 770
[01-Oct-2023 14:40:25 UTC] PHP Deprecated:  trim(): Passing null to parameter #1 ($string) of type string is deprecated in D:\Xampp\htdocs\Docker\docker-eurostone\wp_data\wp-content\plugins\permalinks-customizer\frontend\class-permalinks-customizer-frontend.php on line 770
[01-Oct-2023 14:40:25 UTC] PHP Deprecated:  trim(): Passing null to parameter #1 ($string) of type string is deprecated in D:\Xampp\htdocs\Docker\docker-eurostone\wp_data\wp-content\plugins\permalinks-customizer\frontend\class-permalinks-customizer-frontend.php on line 770
[01-Oct-2023 14:40:25 UTC] PHP Deprecated:  trim(): Passing null to parameter #1 ($string) of type string is deprecated in D:\Xampp\htdocs\Docker\docker-eurostone\wp_data\wp-content\plugins\permalinks-customizer\frontend\class-permalinks-customizer-frontend.php on line 770
[01-Oct-2023 14:40:25 UTC] PHP Deprecated:  trim(): Passing null to parameter #1 ($string) of type string is deprecated in D:\Xampp\htdocs\Docker\docker-eurostone\wp_data\wp-content\plugins\permalinks-customizer\frontend\class-permalinks-customizer-frontend.php on line 770
[01-Oct-2023 14:40:25 UTC] PHP Deprecated:  trim(): Passing null to parameter #1 ($string) of type string is deprecated in D:\Xampp\htdocs\Docker\docker-eurostone\wp_data\wp-content\plugins\permalinks-customizer\frontend\class-permalinks-customizer-frontend.php on line 770
[01-Oct-2023 14:40:25 UTC] PHP Deprecated:  trim(): Passing null to parameter #1 ($string) of type string is deprecated in D:\Xampp\htdocs\Docker\docker-eurostone\wp_data\wp-content\plugins\permalinks-customizer\frontend\class-permalinks-customizer-frontend.php on line 770
[01-Oct-2023 14:40:25 UTC] PHP Deprecated:  trim(): Passing null to parameter #1 ($string) of type string is deprecated in D:\Xampp\htdocs\Docker\docker-eurostone\wp_data\wp-content\plugins\permalinks-customizer\frontend\class-permalinks-customizer-frontend.php on line 770
[01-Oct-2023 14:40:25 UTC] PHP Deprecated:  trim(): Passing null to parameter #1 ($string) of type string is deprecated in D:\Xampp\htdocs\Docker\docker-eurostone\wp_data\wp-content\plugins\permalinks-customizer\frontend\class-permalinks-customizer-frontend.php on line 770
[01-Oct-2023 14:40:25 UTC] PHP Deprecated:  trim(): Passing null to parameter #1 ($string) of type string is deprecated in D:\Xampp\htdocs\Docker\docker-eurostone\wp_data\wp-content\plugins\permalinks-customizer\frontend\class-permalinks-customizer-frontend.php on line 770
[01-Oct-2023 14:40:25 UTC] PHP Deprecated:  trim(): Passing null to parameter #1 ($string) of type string is deprecated in D:\Xampp\htdocs\Docker\docker-eurostone\wp_data\wp-content\plugins\permalinks-customizer\frontend\class-permalinks-customizer-frontend.php on line 770
[01-Oct-2023 14:40:41 UTC] PHP Warning:  Undefined array key "id" in D:\Xampp\htdocs\Docker\docker-eurostone\wp_data\wp-content\themes\eurostone\template-parts\content-taxonomy.php on line 10
[01-Oct-2023 14:40:50 UTC] PHP Deprecated:  urldecode(): Passing null to parameter #1 ($string) of type string is deprecated in D:\Xampp\htdocs\Docker\docker-eurostone\wp_data\wp-content\plugins\permalinks-customizer\frontend\class-permalinks-customizer-form.php on line 148
[01-Oct-2023 14:40:50 UTC] PHP Deprecated:  urldecode(): Passing null to parameter #1 ($string) of type string is deprecated in D:\Xampp\htdocs\Docker\docker-eurostone\wp_data\wp-content\plugins\permalinks-customizer\frontend\class-permalinks-customizer-form.php on line 149
[01-Oct-2023 14:40:50 UTC] PHP Deprecated:  trim(): Passing null to parameter #1 ($string) of type string is deprecated in D:\Xampp\htdocs\Docker\docker-eurostone\wp_data\wp-content\plugins\permalinks-customizer\frontend\class-permalinks-customizer-frontend.php on line 770
[01-Oct-2023 14:40:50 UTC] PHP Deprecated:  trim(): Passing null to parameter #1 ($string) of type string is deprecated in D:\Xampp\htdocs\Docker\docker-eurostone\wp_data\wp-content\plugins\permalinks-customizer\frontend\class-permalinks-customizer-frontend.php on line 770
[01-Oct-2023 14:40:50 UTC] PHP Deprecated:  trim(): Passing null to parameter #1 ($string) of type string is deprecated in D:\Xampp\htdocs\Docker\docker-eurostone\wp_data\wp-content\plugins\permalinks-customizer\frontend\class-permalinks-customizer-frontend.php on line 770
[01-Oct-2023 14:40:50 UTC] PHP Deprecated:  trim(): Passing null to parameter #1 ($string) of type string is deprecated in D:\Xampp\htdocs\Docker\docker-eurostone\wp_data\wp-content\plugins\permalinks-customizer\frontend\class-permalinks-customizer-frontend.php on line 770
[01-Oct-2023 14:40:50 UTC] PHP Deprecated:  trim(): Passing null to parameter #1 ($string) of type string is deprecated in D:\Xampp\htdocs\Docker\docker-eurostone\wp_data\wp-content\plugins\permalinks-customizer\frontend\class-permalinks-customizer-frontend.php on line 770
[01-Oct-2023 14:40:50 UTC] PHP Deprecated:  trim(): Passing null to parameter #1 ($string) of type string is deprecated in D:\Xampp\htdocs\Docker\docker-eurostone\wp_data\wp-content\plugins\permalinks-customizer\frontend\class-permalinks-customizer-frontend.php on line 770
[01-Oct-2023 14:40:50 UTC] PHP Deprecated:  trim(): Passing null to parameter #1 ($string) of type string is deprecated in D:\Xampp\htdocs\Docker\docker-eurostone\wp_data\wp-content\plugins\permalinks-customizer\frontend\class-permalinks-customizer-frontend.php on line 770
[01-Oct-2023 14:40:50 UTC] PHP Deprecated:  trim(): Passing null to parameter #1 ($string) of type string is deprecated in D:\Xampp\htdocs\Docker\docker-eurostone\wp_data\wp-content\plugins\permalinks-customizer\frontend\class-permalinks-customizer-frontend.php on line 770
[01-Oct-2023 14:40:50 UTC] PHP Deprecated:  trim(): Passing null to parameter #1 ($string) of type string is deprecated in D:\Xampp\htdocs\Docker\docker-eurostone\wp_data\wp-content\plugins\permalinks-customizer\frontend\class-permalinks-customizer-frontend.php on line 770
[01-Oct-2023 14:40:50 UTC] PHP Deprecated:  trim(): Passing null to parameter #1 ($string) of type string is deprecated in D:\Xampp\htdocs\Docker\docker-eurostone\wp_data\wp-content\plugins\permalinks-customizer\frontend\class-permalinks-customizer-frontend.php on line 770
[01-Oct-2023 14:40:50 UTC] PHP Deprecated:  trim(): Passing null to parameter #1 ($string) of type string is deprecated in D:\Xampp\htdocs\Docker\docker-eurostone\wp_data\wp-content\plugins\permalinks-customizer\frontend\class-permalinks-customizer-frontend.php on line 770
[01-Oct-2023 14:40:50 UTC] PHP Deprecated:  trim(): Passing null to parameter #1 ($string) of type string is deprecated in D:\Xampp\htdocs\Docker\docker-eurostone\wp_data\wp-content\plugins\permalinks-customizer\frontend\class-permalinks-customizer-frontend.php on line 770
[01-Oct-2023 14:40:50 UTC] PHP Deprecated:  trim(): Passing null to parameter #1 ($string) of type string is deprecated in D:\Xampp\htdocs\Docker\docker-eurostone\wp_data\wp-content\plugins\permalinks-customizer\frontend\class-permalinks-customizer-frontend.php on line 770
[01-Oct-2023 14:41:13 UTC] PHP Notice:  Function register_rest_route được gọi <strong>không chính xác</strong>. The REST API route definition for <code>permalinks-customizer/v1/get-permalink/(?P<id>\d+)</code> is missing the required <code>permission_callback</code> argument. For REST API routes that are intended to be public, use <code>__return_true</code> as the permission callback. Vui lòng xem <a href="https://wordpress.org/documentation/article/debugging-in-wordpress/">Hướng dẫn Debug trong WordPress</a> để biết thêm thông tin. (Thông điệp này đã được thêm vào trong phiên bản 5.5.0.) in D:\Xampp\htdocs\Docker\docker-eurostone\wp_data\wp-includes\functions.php on line 5897
[01-Oct-2023 14:41:13 UTC] PHP Deprecated:  trim(): Passing null to parameter #1 ($string) of type string is deprecated in D:\Xampp\htdocs\Docker\docker-eurostone\wp_data\wp-content\plugins\permalinks-customizer\frontend\class-permalinks-customizer-frontend.php on line 770
[01-Oct-2023 14:41:13 UTC] PHP Deprecated:  trim(): Passing null to parameter #1 ($string) of type string is deprecated in D:\Xampp\htdocs\Docker\docker-eurostone\wp_data\wp-content\plugins\permalinks-customizer\frontend\class-permalinks-customizer-frontend.php on line 770
[01-Oct-2023 14:41:13 UTC] PHP Deprecated:  trim(): Passing null to parameter #1 ($string) of type string is deprecated in D:\Xampp\htdocs\Docker\docker-eurostone\wp_data\wp-content\plugins\permalinks-customizer\frontend\class-permalinks-customizer-frontend.php on line 770
[01-Oct-2023 14:41:13 UTC] PHP Deprecated:  trim(): Passing null to parameter #1 ($string) of type string is deprecated in D:\Xampp\htdocs\Docker\docker-eurostone\wp_data\wp-content\plugins\permalinks-customizer\frontend\class-permalinks-customizer-frontend.php on line 770
[01-Oct-2023 14:41:13 UTC] PHP Deprecated:  trim(): Passing null to parameter #1 ($string) of type string is deprecated in D:\Xampp\htdocs\Docker\docker-eurostone\wp_data\wp-content\plugins\permalinks-customizer\frontend\class-permalinks-customizer-frontend.php on line 770
[01-Oct-2023 14:41:15 UTC] PHP Deprecated:  trim(): Passing null to parameter #1 ($string) of type string is deprecated in D:\Xampp\htdocs\Docker\docker-eurostone\wp_data\wp-content\plugins\permalinks-customizer\frontend\class-permalinks-customizer-frontend.php on line 770
[01-Oct-2023 14:41:36 UTC] PHP Deprecated:  trim(): Passing null to parameter #1 ($string) of type string is deprecated in D:\Xampp\htdocs\Docker\docker-eurostone\wp_data\wp-content\plugins\permalinks-customizer\frontend\class-permalinks-customizer-frontend.php on line 770
[01-Oct-2023 14:41:36 UTC] PHP Deprecated:  trim(): Passing null to parameter #1 ($string) of type string is deprecated in D:\Xampp\htdocs\Docker\docker-eurostone\wp_data\wp-content\plugins\permalinks-customizer\frontend\class-permalinks-customizer-frontend.php on line 770
[01-Oct-2023 14:41:36 UTC] PHP Deprecated:  trim(): Passing null to parameter #1 ($string) of type string is deprecated in D:\Xampp\htdocs\Docker\docker-eurostone\wp_data\wp-content\plugins\permalinks-customizer\frontend\class-permalinks-customizer-frontend.php on line 770
[01-Oct-2023 14:41:36 UTC] PHP Deprecated:  trim(): Passing null to parameter #1 ($string) of type string is deprecated in D:\Xampp\htdocs\Docker\docker-eurostone\wp_data\wp-content\plugins\permalinks-customizer\frontend\class-permalinks-customizer-frontend.php on line 770
[01-Oct-2023 14:41:37 UTC] PHP Deprecated:  trim(): Passing null to parameter #1 ($string) of type string is deprecated in D:\Xampp\htdocs\Docker\docker-eurostone\wp_data\wp-content\plugins\permalinks-customizer\frontend\class-permalinks-customizer-frontend.php on line 770
[01-Oct-2023 14:41:37 UTC] PHP Deprecated:  trim(): Passing null to parameter #1 ($string) of type string is deprecated in D:\Xampp\htdocs\Docker\docker-eurostone\wp_data\wp-content\plugins\permalinks-customizer\frontend\class-permalinks-customizer-frontend.php on line 770
[01-Oct-2023 14:41:37 UTC] PHP Deprecated:  trim(): Passing null to parameter #1 ($string) of type string is deprecated in D:\Xampp\htdocs\Docker\docker-eurostone\wp_data\wp-content\plugins\permalinks-customizer\frontend\class-permalinks-customizer-frontend.php on line 770
[01-Oct-2023 14:41:37 UTC] PHP Deprecated:  trim(): Passing null to parameter #1 ($string) of type string is deprecated in D:\Xampp\htdocs\Docker\docker-eurostone\wp_data\wp-content\plugins\permalinks-customizer\frontend\class-permalinks-customizer-frontend.php on line 770
[01-Oct-2023 14:41:39 UTC] PHP Deprecated:  trim(): Passing null to parameter #1 ($string) of type string is deprecated in D:\Xampp\htdocs\Docker\docker-eurostone\wp_data\wp-content\plugins\permalinks-customizer\frontend\class-permalinks-customizer-frontend.php on line 770
[01-Oct-2023 14:41:40 UTC] PHP Notice:  Function register_rest_route được gọi <strong>không chính xác</strong>. The REST API route definition for <code>permalinks-customizer/v1/get-permalink/(?P<id>\d+)</code> is missing the required <code>permission_callback</code> argument. For REST API routes that are intended to be public, use <code>__return_true</code> as the permission callback. Vui lòng xem <a href="https://wordpress.org/documentation/article/debugging-in-wordpress/">Hướng dẫn Debug trong WordPress</a> để biết thêm thông tin. (Thông điệp này đã được thêm vào trong phiên bản 5.5.0.) in D:\Xampp\htdocs\Docker\docker-eurostone\wp_data\wp-includes\functions.php on line 5897
[01-Oct-2023 14:41:40 UTC] PHP Deprecated:  trim(): Passing null to parameter #1 ($string) of type string is deprecated in D:\Xampp\htdocs\Docker\docker-eurostone\wp_data\wp-content\plugins\permalinks-customizer\frontend\class-permalinks-customizer-frontend.php on line 770
[01-Oct-2023 14:41:40 UTC] PHP Deprecated:  trim(): Passing null to parameter #1 ($string) of type string is deprecated in D:\Xampp\htdocs\Docker\docker-eurostone\wp_data\wp-content\plugins\permalinks-customizer\frontend\class-permalinks-customizer-frontend.php on line 770
[01-Oct-2023 14:41:40 UTC] PHP Deprecated:  trim(): Passing null to parameter #1 ($string) of type string is deprecated in D:\Xampp\htdocs\Docker\docker-eurostone\wp_data\wp-content\plugins\permalinks-customizer\frontend\class-permalinks-customizer-frontend.php on line 770
[01-Oct-2023 14:41:40 UTC] PHP Deprecated:  trim(): Passing null to parameter #1 ($string) of type string is deprecated in D:\Xampp\htdocs\Docker\docker-eurostone\wp_data\wp-content\plugins\permalinks-customizer\frontend\class-permalinks-customizer-frontend.php on line 770
[01-Oct-2023 14:41:40 UTC] PHP Deprecated:  trim(): Passing null to parameter #1 ($string) of type string is deprecated in D:\Xampp\htdocs\Docker\docker-eurostone\wp_data\wp-content\plugins\permalinks-customizer\frontend\class-permalinks-customizer-frontend.php on line 770
[01-Oct-2023 14:41:40 UTC] PHP Deprecated:  trim(): Passing null to parameter #1 ($string) of type string is deprecated in D:\Xampp\htdocs\Docker\docker-eurostone\wp_data\wp-content\plugins\permalinks-customizer\frontend\class-permalinks-customizer-frontend.php on line 770
[01-Oct-2023 14:41:40 UTC] PHP Deprecated:  trim(): Passing null to parameter #1 ($string) of type string is deprecated in D:\Xampp\htdocs\Docker\docker-eurostone\wp_data\wp-content\plugins\permalinks-customizer\frontend\class-permalinks-customizer-frontend.php on line 770
[01-Oct-2023 14:41:40 UTC] PHP Deprecated:  trim(): Passing null to parameter #1 ($string) of type string is deprecated in D:\Xampp\htdocs\Docker\docker-eurostone\wp_data\wp-content\plugins\permalinks-customizer\frontend\class-permalinks-customizer-frontend.php on line 770
[01-Oct-2023 14:41:40 UTC] PHP Deprecated:  trim(): Passing null to parameter #1 ($string) of type string is deprecated in D:\Xampp\htdocs\Docker\docker-eurostone\wp_data\wp-content\plugins\permalinks-customizer\frontend\class-permalinks-customizer-frontend.php on line 770
[01-Oct-2023 14:41:40 UTC] PHP Deprecated:  trim(): Passing null to parameter #1 ($string) of type string is deprecated in D:\Xampp\htdocs\Docker\docker-eurostone\wp_data\wp-content\plugins\permalinks-customizer\frontend\class-permalinks-customizer-frontend.php on line 770
[01-Oct-2023 14:41:42 UTC] PHP Deprecated:  trim(): Passing null to parameter #1 ($string) of type string is deprecated in D:\Xampp\htdocs\Docker\docker-eurostone\wp_data\wp-content\plugins\permalinks-customizer\frontend\class-permalinks-customizer-frontend.php on line 770
[01-Oct-2023 14:41:42 UTC] PHP Deprecated:  urldecode(): Passing null to parameter #1 ($string) of type string is deprecated in D:\Xampp\htdocs\Docker\docker-eurostone\wp_data\wp-content\plugins\permalinks-customizer\frontend\class-permalinks-customizer-form.php on line 148
[01-Oct-2023 14:41:42 UTC] PHP Deprecated:  urldecode(): Passing null to parameter #1 ($string) of type string is deprecated in D:\Xampp\htdocs\Docker\docker-eurostone\wp_data\wp-content\plugins\permalinks-customizer\frontend\class-permalinks-customizer-form.php on line 149
[01-Oct-2023 14:41:42 UTC] PHP Deprecated:  trim(): Passing null to parameter #1 ($string) of type string is deprecated in D:\Xampp\htdocs\Docker\docker-eurostone\wp_data\wp-content\plugins\permalinks-customizer\frontend\class-permalinks-customizer-frontend.php on line 770
[01-Oct-2023 14:41:42 UTC] PHP Deprecated:  trim(): Passing null to parameter #1 ($string) of type string is deprecated in D:\Xampp\htdocs\Docker\docker-eurostone\wp_data\wp-content\plugins\permalinks-customizer\frontend\class-permalinks-customizer-frontend.php on line 770
[01-Oct-2023 14:41:42 UTC] PHP Deprecated:  trim(): Passing null to parameter #1 ($string) of type string is deprecated in D:\Xampp\htdocs\Docker\docker-eurostone\wp_data\wp-content\plugins\permalinks-customizer\frontend\class-permalinks-customizer-frontend.php on line 770
[01-Oct-2023 14:41:42 UTC] PHP Deprecated:  trim(): Passing null to parameter #1 ($string) of type string is deprecated in D:\Xampp\htdocs\Docker\docker-eurostone\wp_data\wp-content\plugins\permalinks-customizer\frontend\class-permalinks-customizer-frontend.php on line 770
[01-Oct-2023 14:41:42 UTC] PHP Deprecated:  trim(): Passing null to parameter #1 ($string) of type string is deprecated in D:\Xampp\htdocs\Docker\docker-eurostone\wp_data\wp-content\plugins\permalinks-customizer\frontend\class-permalinks-customizer-frontend.php on line 770
[01-Oct-2023 14:41:42 UTC] PHP Deprecated:  trim(): Passing null to parameter #1 ($string) of type string is deprecated in D:\Xampp\htdocs\Docker\docker-eurostone\wp_data\wp-content\plugins\permalinks-customizer\frontend\class-permalinks-customizer-frontend.php on line 770
[01-Oct-2023 14:41:42 UTC] PHP Deprecated:  trim(): Passing null to parameter #1 ($string) of type string is deprecated in D:\Xampp\htdocs\Docker\docker-eurostone\wp_data\wp-content\plugins\permalinks-customizer\frontend\class-permalinks-customizer-frontend.php on line 770
[01-Oct-2023 14:41:42 UTC] PHP Deprecated:  trim(): Passing null to parameter #1 ($string) of type string is deprecated in D:\Xampp\htdocs\Docker\docker-eurostone\wp_data\wp-content\plugins\permalinks-customizer\frontend\class-permalinks-customizer-frontend.php on line 770
[01-Oct-2023 14:41:42 UTC] PHP Deprecated:  trim(): Passing null to parameter #1 ($string) of type string is deprecated in D:\Xampp\htdocs\Docker\docker-eurostone\wp_data\wp-content\plugins\permalinks-customizer\frontend\class-permalinks-customizer-frontend.php on line 770
[01-Oct-2023 14:41:42 UTC] PHP Deprecated:  trim(): Passing null to parameter #1 ($string) of type string is deprecated in D:\Xampp\htdocs\Docker\docker-eurostone\wp_data\wp-content\plugins\permalinks-customizer\frontend\class-permalinks-customizer-frontend.php on line 770
[01-Oct-2023 14:41:42 UTC] PHP Deprecated:  trim(): Passing null to parameter #1 ($string) of type string is deprecated in D:\Xampp\htdocs\Docker\docker-eurostone\wp_data\wp-content\plugins\permalinks-customizer\frontend\class-permalinks-customizer-frontend.php on line 770
[01-Oct-2023 14:41:42 UTC] PHP Deprecated:  trim(): Passing null to parameter #1 ($string) of type string is deprecated in D:\Xampp\htdocs\Docker\docker-eurostone\wp_data\wp-content\plugins\permalinks-customizer\frontend\class-permalinks-customizer-frontend.php on line 770
[01-Oct-2023 14:41:42 UTC] PHP Deprecated:  trim(): Passing null to parameter #1 ($string) of type string is deprecated in D:\Xampp\htdocs\Docker\docker-eurostone\wp_data\wp-content\plugins\permalinks-customizer\frontend\class-permalinks-customizer-frontend.php on line 770
[01-Oct-2023 15:22:48 UTC] PHP Deprecated:  trim(): Passing null to parameter #1 ($string) of type string is deprecated in D:\Xampp\htdocs\Docker\docker-eurostone\wp_data\wp-content\plugins\permalinks-customizer\frontend\class-permalinks-customizer-frontend.php on line 770
[01-Oct-2023 15:22:48 UTC] PHP Deprecated:  trim(): Passing null to parameter #1 ($string) of type string is deprecated in D:\Xampp\htdocs\Docker\docker-eurostone\wp_data\wp-content\plugins\permalinks-customizer\frontend\class-permalinks-customizer-frontend.php on line 770
[01-Oct-2023 15:22:48 UTC] PHP Deprecated:  trim(): Passing null to parameter #1 ($string) of type string is deprecated in D:\Xampp\htdocs\Docker\docker-eurostone\wp_data\wp-content\plugins\permalinks-customizer\frontend\class-permalinks-customizer-frontend.php on line 770
[01-Oct-2023 15:22:48 UTC] PHP Deprecated:  trim(): Passing null to parameter #1 ($string) of type string is deprecated in D:\Xampp\htdocs\Docker\docker-eurostone\wp_data\wp-content\plugins\permalinks-customizer\frontend\class-permalinks-customizer-frontend.php on line 770
[01-Oct-2023 15:22:48 UTC] PHP Deprecated:  trim(): Passing null to parameter #1 ($string) of type string is deprecated in D:\Xampp\htdocs\Docker\docker-eurostone\wp_data\wp-content\plugins\permalinks-customizer\frontend\class-permalinks-customizer-frontend.php on line 770
[01-Oct-2023 15:22:48 UTC] PHP Deprecated:  trim(): Passing null to parameter #1 ($string) of type string is deprecated in D:\Xampp\htdocs\Docker\docker-eurostone\wp_data\wp-content\plugins\permalinks-customizer\frontend\class-permalinks-customizer-frontend.php on line 770
[01-Oct-2023 15:22:48 UTC] PHP Deprecated:  trim(): Passing null to parameter #1 ($string) of type string is deprecated in D:\Xampp\htdocs\Docker\docker-eurostone\wp_data\wp-content\plugins\permalinks-customizer\frontend\class-permalinks-customizer-frontend.php on line 770
[01-Oct-2023 15:22:48 UTC] PHP Deprecated:  trim(): Passing null to parameter #1 ($string) of type string is deprecated in D:\Xampp\htdocs\Docker\docker-eurostone\wp_data\wp-content\plugins\permalinks-customizer\frontend\class-permalinks-customizer-frontend.php on line 770
[01-Oct-2023 15:22:48 UTC] PHP Deprecated:  trim(): Passing null to parameter #1 ($string) of type string is deprecated in D:\Xampp\htdocs\Docker\docker-eurostone\wp_data\wp-content\plugins\permalinks-customizer\frontend\class-permalinks-customizer-frontend.php on line 770
[01-Oct-2023 15:22:48 UTC] PHP Deprecated:  trim(): Passing null to parameter #1 ($string) of type string is deprecated in D:\Xampp\htdocs\Docker\docker-eurostone\wp_data\wp-content\plugins\permalinks-customizer\frontend\class-permalinks-customizer-frontend.php on line 770
[01-Oct-2023 15:22:48 UTC] PHP Deprecated:  trim(): Passing null to parameter #1 ($string) of type string is deprecated in D:\Xampp\htdocs\Docker\docker-eurostone\wp_data\wp-content\plugins\permalinks-customizer\frontend\class-permalinks-customizer-frontend.php on line 770
[01-Oct-2023 15:22:48 UTC] PHP Deprecated:  trim(): Passing null to parameter #1 ($string) of type string is deprecated in D:\Xampp\htdocs\Docker\docker-eurostone\wp_data\wp-content\plugins\permalinks-customizer\frontend\class-permalinks-customizer-frontend.php on line 770
[01-Oct-2023 15:22:48 UTC] PHP Deprecated:  trim(): Passing null to parameter #1 ($string) of type string is deprecated in D:\Xampp\htdocs\Docker\docker-eurostone\wp_data\wp-content\plugins\permalinks-customizer\frontend\class-permalinks-customizer-frontend.php on line 770
[01-Oct-2023 15:22:48 UTC] PHP Deprecated:  trim(): Passing null to parameter #1 ($string) of type string is deprecated in D:\Xampp\htdocs\Docker\docker-eurostone\wp_data\wp-content\plugins\permalinks-customizer\frontend\class-permalinks-customizer-frontend.php on line 770
[01-Oct-2023 15:22:48 UTC] PHP Deprecated:  trim(): Passing null to parameter #1 ($string) of type string is deprecated in D:\Xampp\htdocs\Docker\docker-eurostone\wp_data\wp-content\plugins\permalinks-customizer\frontend\class-permalinks-customizer-frontend.php on line 770
[01-Oct-2023 15:45:27 UTC] PHP Deprecated:  trim(): Passing null to parameter #1 ($string) of type string is deprecated in D:\Xampp\htdocs\Docker\docker-eurostone\wp_data\wp-content\plugins\permalinks-customizer\frontend\class-permalinks-customizer-frontend.php on line 770
[01-Oct-2023 15:45:27 UTC] PHP Deprecated:  trim(): Passing null to parameter #1 ($string) of type string is deprecated in D:\Xampp\htdocs\Docker\docker-eurostone\wp_data\wp-content\plugins\permalinks-customizer\frontend\class-permalinks-customizer-frontend.php on line 770
[01-Oct-2023 15:45:27 UTC] PHP Deprecated:  trim(): Passing null to parameter #1 ($string) of type string is deprecated in D:\Xampp\htdocs\Docker\docker-eurostone\wp_data\wp-content\plugins\permalinks-customizer\frontend\class-permalinks-customizer-frontend.php on line 770
[01-Oct-2023 15:45:27 UTC] PHP Deprecated:  trim(): Passing null to parameter #1 ($string) of type string is deprecated in D:\Xampp\htdocs\Docker\docker-eurostone\wp_data\wp-content\plugins\permalinks-customizer\frontend\class-permalinks-customizer-frontend.php on line 770
[01-Oct-2023 15:45:27 UTC] PHP Deprecated:  trim(): Passing null to parameter #1 ($string) of type string is deprecated in D:\Xampp\htdocs\Docker\docker-eurostone\wp_data\wp-content\plugins\permalinks-customizer\frontend\class-permalinks-customizer-frontend.php on line 770
[01-Oct-2023 15:45:27 UTC] PHP Deprecated:  trim(): Passing null to parameter #1 ($string) of type string is deprecated in D:\Xampp\htdocs\Docker\docker-eurostone\wp_data\wp-content\plugins\permalinks-customizer\frontend\class-permalinks-customizer-frontend.php on line 770
[01-Oct-2023 15:45:27 UTC] PHP Deprecated:  trim(): Passing null to parameter #1 ($string) of type string is deprecated in D:\Xampp\htdocs\Docker\docker-eurostone\wp_data\wp-content\plugins\permalinks-customizer\frontend\class-permalinks-customizer-frontend.php on line 770
[01-Oct-2023 15:45:27 UTC] PHP Deprecated:  trim(): Passing null to parameter #1 ($string) of type string is deprecated in D:\Xampp\htdocs\Docker\docker-eurostone\wp_data\wp-content\plugins\permalinks-customizer\frontend\class-permalinks-customizer-frontend.php on line 770
[01-Oct-2023 15:45:27 UTC] PHP Deprecated:  trim(): Passing null to parameter #1 ($string) of type string is deprecated in D:\Xampp\htdocs\Docker\docker-eurostone\wp_data\wp-content\plugins\permalinks-customizer\frontend\class-permalinks-customizer-frontend.php on line 770
[01-Oct-2023 15:45:27 UTC] PHP Deprecated:  trim(): Passing null to parameter #1 ($string) of type string is deprecated in D:\Xampp\htdocs\Docker\docker-eurostone\wp_data\wp-content\plugins\permalinks-customizer\frontend\class-permalinks-customizer-frontend.php on line 770
[01-Oct-2023 15:45:27 UTC] PHP Deprecated:  trim(): Passing null to parameter #1 ($string) of type string is deprecated in D:\Xampp\htdocs\Docker\docker-eurostone\wp_data\wp-content\plugins\permalinks-customizer\frontend\class-permalinks-customizer-frontend.php on line 770
[01-Oct-2023 15:45:27 UTC] PHP Deprecated:  trim(): Passing null to parameter #1 ($string) of type string is deprecated in D:\Xampp\htdocs\Docker\docker-eurostone\wp_data\wp-content\plugins\permalinks-customizer\frontend\class-permalinks-customizer-frontend.php on line 770
[01-Oct-2023 15:45:27 UTC] PHP Deprecated:  trim(): Passing null to parameter #1 ($string) of type string is deprecated in D:\Xampp\htdocs\Docker\docker-eurostone\wp_data\wp-content\plugins\permalinks-customizer\frontend\class-permalinks-customizer-frontend.php on line 770
[01-Oct-2023 15:45:27 UTC] PHP Deprecated:  trim(): Passing null to parameter #1 ($string) of type string is deprecated in D:\Xampp\htdocs\Docker\docker-eurostone\wp_data\wp-content\plugins\permalinks-customizer\frontend\class-permalinks-customizer-frontend.php on line 770
[01-Oct-2023 15:45:28 UTC] PHP Deprecated:  trim(): Passing null to parameter #1 ($string) of type string is deprecated in D:\Xampp\htdocs\Docker\docker-eurostone\wp_data\wp-content\plugins\permalinks-customizer\frontend\class-permalinks-customizer-frontend.php on line 770
[01-Oct-2023 15:46:10 UTC] PHP Deprecated:  urldecode(): Passing null to parameter #1 ($string) of type string is deprecated in D:\Xampp\htdocs\Docker\docker-eurostone\wp_data\wp-content\plugins\permalinks-customizer\frontend\class-permalinks-customizer-form.php on line 148
[01-Oct-2023 15:46:10 UTC] PHP Deprecated:  urldecode(): Passing null to parameter #1 ($string) of type string is deprecated in D:\Xampp\htdocs\Docker\docker-eurostone\wp_data\wp-content\plugins\permalinks-customizer\frontend\class-permalinks-customizer-form.php on line 149
[01-Oct-2023 15:46:10 UTC] PHP Deprecated:  trim(): Passing null to parameter #1 ($string) of type string is deprecated in D:\Xampp\htdocs\Docker\docker-eurostone\wp_data\wp-content\plugins\permalinks-customizer\frontend\class-permalinks-customizer-frontend.php on line 770
[01-Oct-2023 15:46:10 UTC] PHP Deprecated:  trim(): Passing null to parameter #1 ($string) of type string is deprecated in D:\Xampp\htdocs\Docker\docker-eurostone\wp_data\wp-content\plugins\permalinks-customizer\frontend\class-permalinks-customizer-frontend.php on line 770
[01-Oct-2023 15:46:10 UTC] PHP Deprecated:  trim(): Passing null to parameter #1 ($string) of type string is deprecated in D:\Xampp\htdocs\Docker\docker-eurostone\wp_data\wp-content\plugins\permalinks-customizer\frontend\class-permalinks-customizer-frontend.php on line 770
[01-Oct-2023 15:46:10 UTC] PHP Deprecated:  trim(): Passing null to parameter #1 ($string) of type string is deprecated in D:\Xampp\htdocs\Docker\docker-eurostone\wp_data\wp-content\plugins\permalinks-customizer\frontend\class-permalinks-customizer-frontend.php on line 770
[01-Oct-2023 15:46:10 UTC] PHP Deprecated:  trim(): Passing null to parameter #1 ($string) of type string is deprecated in D:\Xampp\htdocs\Docker\docker-eurostone\wp_data\wp-content\plugins\permalinks-customizer\frontend\class-permalinks-customizer-frontend.php on line 770
[01-Oct-2023 15:46:10 UTC] PHP Deprecated:  trim(): Passing null to parameter #1 ($string) of type string is deprecated in D:\Xampp\htdocs\Docker\docker-eurostone\wp_data\wp-content\plugins\permalinks-customizer\frontend\class-permalinks-customizer-frontend.php on line 770
[01-Oct-2023 15:46:10 UTC] PHP Deprecated:  trim(): Passing null to parameter #1 ($string) of type string is deprecated in D:\Xampp\htdocs\Docker\docker-eurostone\wp_data\wp-content\plugins\permalinks-customizer\frontend\class-permalinks-customizer-frontend.php on line 770
[01-Oct-2023 15:46:10 UTC] PHP Deprecated:  trim(): Passing null to parameter #1 ($string) of type string is deprecated in D:\Xampp\htdocs\Docker\docker-eurostone\wp_data\wp-content\plugins\permalinks-customizer\frontend\class-permalinks-customizer-frontend.php on line 770
[01-Oct-2023 15:46:10 UTC] PHP Deprecated:  trim(): Passing null to parameter #1 ($string) of type string is deprecated in D:\Xampp\htdocs\Docker\docker-eurostone\wp_data\wp-content\plugins\permalinks-customizer\frontend\class-permalinks-customizer-frontend.php on line 770
[01-Oct-2023 15:46:10 UTC] PHP Deprecated:  trim(): Passing null to parameter #1 ($string) of type string is deprecated in D:\Xampp\htdocs\Docker\docker-eurostone\wp_data\wp-content\plugins\permalinks-customizer\frontend\class-permalinks-customizer-frontend.php on line 770
[01-Oct-2023 15:46:10 UTC] PHP Deprecated:  trim(): Passing null to parameter #1 ($string) of type string is deprecated in D:\Xampp\htdocs\Docker\docker-eurostone\wp_data\wp-content\plugins\permalinks-customizer\frontend\class-permalinks-customizer-frontend.php on line 770
[01-Oct-2023 15:46:10 UTC] PHP Deprecated:  trim(): Passing null to parameter #1 ($string) of type string is deprecated in D:\Xampp\htdocs\Docker\docker-eurostone\wp_data\wp-content\plugins\permalinks-customizer\frontend\class-permalinks-customizer-frontend.php on line 770
[01-Oct-2023 15:46:10 UTC] PHP Deprecated:  trim(): Passing null to parameter #1 ($string) of type string is deprecated in D:\Xampp\htdocs\Docker\docker-eurostone\wp_data\wp-content\plugins\permalinks-customizer\frontend\class-permalinks-customizer-frontend.php on line 770
[01-Oct-2023 15:46:10 UTC] PHP Deprecated:  trim(): Passing null to parameter #1 ($string) of type string is deprecated in D:\Xampp\htdocs\Docker\docker-eurostone\wp_data\wp-content\plugins\permalinks-customizer\frontend\class-permalinks-customizer-frontend.php on line 770
[01-Oct-2023 15:46:10 UTC] PHP Deprecated:  trim(): Passing null to parameter #1 ($string) of type string is deprecated in D:\Xampp\htdocs\Docker\docker-eurostone\wp_data\wp-content\plugins\permalinks-customizer\frontend\class-permalinks-customizer-frontend.php on line 770
[01-Oct-2023 15:46:10 UTC] PHP Deprecated:  trim(): Passing null to parameter #1 ($string) of type string is deprecated in D:\Xampp\htdocs\Docker\docker-eurostone\wp_data\wp-content\plugins\permalinks-customizer\frontend\class-permalinks-customizer-frontend.php on line 770
[01-Oct-2023 15:46:10 UTC] PHP Deprecated:  trim(): Passing null to parameter #1 ($string) of type string is deprecated in D:\Xampp\htdocs\Docker\docker-eurostone\wp_data\wp-content\plugins\permalinks-customizer\frontend\class-permalinks-customizer-frontend.php on line 770
[01-Oct-2023 15:46:10 UTC] PHP Deprecated:  trim(): Passing null to parameter #1 ($string) of type string is deprecated in D:\Xampp\htdocs\Docker\docker-eurostone\wp_data\wp-content\plugins\permalinks-customizer\frontend\class-permalinks-customizer-frontend.php on line 770
[01-Oct-2023 15:46:10 UTC] PHP Deprecated:  trim(): Passing null to parameter #1 ($string) of type string is deprecated in D:\Xampp\htdocs\Docker\docker-eurostone\wp_data\wp-content\plugins\permalinks-customizer\frontend\class-permalinks-customizer-frontend.php on line 770
[01-Oct-2023 15:46:10 UTC] PHP Deprecated:  trim(): Passing null to parameter #1 ($string) of type string is deprecated in D:\Xampp\htdocs\Docker\docker-eurostone\wp_data\wp-content\plugins\permalinks-customizer\frontend\class-permalinks-customizer-frontend.php on line 770
[01-Oct-2023 15:46:10 UTC] PHP Deprecated:  trim(): Passing null to parameter #1 ($string) of type string is deprecated in D:\Xampp\htdocs\Docker\docker-eurostone\wp_data\wp-content\plugins\permalinks-customizer\frontend\class-permalinks-customizer-frontend.php on line 770
[01-Oct-2023 15:46:10 UTC] PHP Deprecated:  trim(): Passing null to parameter #1 ($string) of type string is deprecated in D:\Xampp\htdocs\Docker\docker-eurostone\wp_data\wp-content\plugins\permalinks-customizer\frontend\class-permalinks-customizer-frontend.php on line 770
[01-Oct-2023 15:46:10 UTC] PHP Deprecated:  trim(): Passing null to parameter #1 ($string) of type string is deprecated in D:\Xampp\htdocs\Docker\docker-eurostone\wp_data\wp-content\plugins\permalinks-customizer\frontend\class-permalinks-customizer-frontend.php on line 770
[01-Oct-2023 15:46:10 UTC] PHP Deprecated:  trim(): Passing null to parameter #1 ($string) of type string is deprecated in D:\Xampp\htdocs\Docker\docker-eurostone\wp_data\wp-content\plugins\permalinks-customizer\frontend\class-permalinks-customizer-frontend.php on line 770
[01-Oct-2023 15:46:10 UTC] PHP Deprecated:  trim(): Passing null to parameter #1 ($string) of type string is deprecated in D:\Xampp\htdocs\Docker\docker-eurostone\wp_data\wp-content\plugins\permalinks-customizer\frontend\class-permalinks-customizer-frontend.php on line 770
[01-Oct-2023 15:46:10 UTC] PHP Deprecated:  trim(): Passing null to parameter #1 ($string) of type string is deprecated in D:\Xampp\htdocs\Docker\docker-eurostone\wp_data\wp-content\plugins\permalinks-customizer\frontend\class-permalinks-customizer-frontend.php on line 770
[01-Oct-2023 15:46:10 UTC] PHP Deprecated:  trim(): Passing null to parameter #1 ($string) of type string is deprecated in D:\Xampp\htdocs\Docker\docker-eurostone\wp_data\wp-content\plugins\permalinks-customizer\frontend\class-permalinks-customizer-frontend.php on line 770
[01-Oct-2023 15:46:10 UTC] PHP Deprecated:  trim(): Passing null to parameter #1 ($string) of type string is deprecated in D:\Xampp\htdocs\Docker\docker-eurostone\wp_data\wp-content\plugins\permalinks-customizer\frontend\class-permalinks-customizer-frontend.php on line 770
[01-Oct-2023 15:46:10 UTC] PHP Deprecated:  trim(): Passing null to parameter #1 ($string) of type string is deprecated in D:\Xampp\htdocs\Docker\docker-eurostone\wp_data\wp-content\plugins\permalinks-customizer\frontend\class-permalinks-customizer-frontend.php on line 770
[01-Oct-2023 15:46:10 UTC] PHP Deprecated:  trim(): Passing null to parameter #1 ($string) of type string is deprecated in D:\Xampp\htdocs\Docker\docker-eurostone\wp_data\wp-content\plugins\permalinks-customizer\frontend\class-permalinks-customizer-frontend.php on line 770
[01-Oct-2023 15:46:10 UTC] PHP Deprecated:  trim(): Passing null to parameter #1 ($string) of type string is deprecated in D:\Xampp\htdocs\Docker\docker-eurostone\wp_data\wp-content\plugins\permalinks-customizer\frontend\class-permalinks-customizer-frontend.php on line 770
[01-Oct-2023 15:46:10 UTC] PHP Deprecated:  trim(): Passing null to parameter #1 ($string) of type string is deprecated in D:\Xampp\htdocs\Docker\docker-eurostone\wp_data\wp-content\plugins\permalinks-customizer\frontend\class-permalinks-customizer-frontend.php on line 770
[01-Oct-2023 15:46:10 UTC] PHP Deprecated:  trim(): Passing null to parameter #1 ($string) of type string is deprecated in D:\Xampp\htdocs\Docker\docker-eurostone\wp_data\wp-content\plugins\permalinks-customizer\frontend\class-permalinks-customizer-frontend.php on line 770
[01-Oct-2023 15:46:10 UTC] PHP Deprecated:  trim(): Passing null to parameter #1 ($string) of type string is deprecated in D:\Xampp\htdocs\Docker\docker-eurostone\wp_data\wp-content\plugins\permalinks-customizer\frontend\class-permalinks-customizer-frontend.php on line 770
[01-Oct-2023 15:46:10 UTC] PHP Deprecated:  trim(): Passing null to parameter #1 ($string) of type string is deprecated in D:\Xampp\htdocs\Docker\docker-eurostone\wp_data\wp-content\plugins\permalinks-customizer\frontend\class-permalinks-customizer-frontend.php on line 770
[01-Oct-2023 15:46:10 UTC] PHP Deprecated:  trim(): Passing null to parameter #1 ($string) of type string is deprecated in D:\Xampp\htdocs\Docker\docker-eurostone\wp_data\wp-content\plugins\permalinks-customizer\frontend\class-permalinks-customizer-frontend.php on line 770
[01-Oct-2023 15:46:10 UTC] PHP Deprecated:  trim(): Passing null to parameter #1 ($string) of type string is deprecated in D:\Xampp\htdocs\Docker\docker-eurostone\wp_data\wp-content\plugins\permalinks-customizer\frontend\class-permalinks-customizer-frontend.php on line 770
[01-Oct-2023 15:46:10 UTC] PHP Deprecated:  trim(): Passing null to parameter #1 ($string) of type string is deprecated in D:\Xampp\htdocs\Docker\docker-eurostone\wp_data\wp-content\plugins\permalinks-customizer\frontend\class-permalinks-customizer-frontend.php on line 770
[01-Oct-2023 15:46:10 UTC] PHP Deprecated:  trim(): Passing null to parameter #1 ($string) of type string is deprecated in D:\Xampp\htdocs\Docker\docker-eurostone\wp_data\wp-content\plugins\permalinks-customizer\frontend\class-permalinks-customizer-frontend.php on line 770
[01-Oct-2023 15:46:10 UTC] PHP Deprecated:  trim(): Passing null to parameter #1 ($string) of type string is deprecated in D:\Xampp\htdocs\Docker\docker-eurostone\wp_data\wp-content\plugins\permalinks-customizer\frontend\class-permalinks-customizer-frontend.php on line 770
[01-Oct-2023 15:46:10 UTC] PHP Deprecated:  trim(): Passing null to parameter #1 ($string) of type string is deprecated in D:\Xampp\htdocs\Docker\docker-eurostone\wp_data\wp-content\plugins\permalinks-customizer\frontend\class-permalinks-customizer-frontend.php on line 770
[01-Oct-2023 15:46:10 UTC] PHP Deprecated:  trim(): Passing null to parameter #1 ($string) of type string is deprecated in D:\Xampp\htdocs\Docker\docker-eurostone\wp_data\wp-content\plugins\permalinks-customizer\frontend\class-permalinks-customizer-frontend.php on line 770
[01-Oct-2023 15:46:10 UTC] PHP Deprecated:  trim(): Passing null to parameter #1 ($string) of type string is deprecated in D:\Xampp\htdocs\Docker\docker-eurostone\wp_data\wp-content\plugins\permalinks-customizer\frontend\class-permalinks-customizer-frontend.php on line 770
[01-Oct-2023 15:46:10 UTC] PHP Deprecated:  trim(): Passing null to parameter #1 ($string) of type string is deprecated in D:\Xampp\htdocs\Docker\docker-eurostone\wp_data\wp-content\plugins\permalinks-customizer\frontend\class-permalinks-customizer-frontend.php on line 770
[01-Oct-2023 15:46:10 UTC] PHP Deprecated:  trim(): Passing null to parameter #1 ($string) of type string is deprecated in D:\Xampp\htdocs\Docker\docker-eurostone\wp_data\wp-content\plugins\permalinks-customizer\frontend\class-permalinks-customizer-frontend.php on line 770
[01-Oct-2023 15:46:10 UTC] PHP Deprecated:  trim(): Passing null to parameter #1 ($string) of type string is deprecated in D:\Xampp\htdocs\Docker\docker-eurostone\wp_data\wp-content\plugins\permalinks-customizer\frontend\class-permalinks-customizer-frontend.php on line 770
[01-Oct-2023 15:46:10 UTC] PHP Deprecated:  trim(): Passing null to parameter #1 ($string) of type string is deprecated in D:\Xampp\htdocs\Docker\docker-eurostone\wp_data\wp-content\plugins\permalinks-customizer\frontend\class-permalinks-customizer-frontend.php on line 770
[01-Oct-2023 15:46:10 UTC] PHP Deprecated:  trim(): Passing null to parameter #1 ($string) of type string is deprecated in D:\Xampp\htdocs\Docker\docker-eurostone\wp_data\wp-content\plugins\permalinks-customizer\frontend\class-permalinks-customizer-frontend.php on line 770
[01-Oct-2023 15:46:10 UTC] PHP Deprecated:  trim(): Passing null to parameter #1 ($string) of type string is deprecated in D:\Xampp\htdocs\Docker\docker-eurostone\wp_data\wp-content\plugins\permalinks-customizer\frontend\class-permalinks-customizer-frontend.php on line 770
[01-Oct-2023 15:46:10 UTC] PHP Deprecated:  trim(): Passing null to parameter #1 ($string) of type string is deprecated in D:\Xampp\htdocs\Docker\docker-eurostone\wp_data\wp-content\plugins\permalinks-customizer\frontend\class-permalinks-customizer-frontend.php on line 770
[01-Oct-2023 15:46:10 UTC] PHP Deprecated:  trim(): Passing null to parameter #1 ($string) of type string is deprecated in D:\Xampp\htdocs\Docker\docker-eurostone\wp_data\wp-content\plugins\permalinks-customizer\frontend\class-permalinks-customizer-frontend.php on line 770
[01-Oct-2023 15:46:10 UTC] PHP Deprecated:  trim(): Passing null to parameter #1 ($string) of type string is deprecated in D:\Xampp\htdocs\Docker\docker-eurostone\wp_data\wp-content\plugins\permalinks-customizer\frontend\class-permalinks-customizer-frontend.php on line 770
[01-Oct-2023 15:46:10 UTC] PHP Deprecated:  trim(): Passing null to parameter #1 ($string) of type string is deprecated in D:\Xampp\htdocs\Docker\docker-eurostone\wp_data\wp-content\plugins\permalinks-customizer\frontend\class-permalinks-customizer-frontend.php on line 770
[01-Oct-2023 15:46:10 UTC] PHP Deprecated:  trim(): Passing null to parameter #1 ($string) of type string is deprecated in D:\Xampp\htdocs\Docker\docker-eurostone\wp_data\wp-content\plugins\permalinks-customizer\frontend\class-permalinks-customizer-frontend.php on line 770
[01-Oct-2023 15:46:10 UTC] PHP Deprecated:  trim(): Passing null to parameter #1 ($string) of type string is deprecated in D:\Xampp\htdocs\Docker\docker-eurostone\wp_data\wp-content\plugins\permalinks-customizer\frontend\class-permalinks-customizer-frontend.php on line 770
[01-Oct-2023 15:46:10 UTC] PHP Deprecated:  trim(): Passing null to parameter #1 ($string) of type string is deprecated in D:\Xampp\htdocs\Docker\docker-eurostone\wp_data\wp-content\plugins\permalinks-customizer\frontend\class-permalinks-customizer-frontend.php on line 770
[01-Oct-2023 15:46:10 UTC] PHP Deprecated:  trim(): Passing null to parameter #1 ($string) of type string is deprecated in D:\Xampp\htdocs\Docker\docker-eurostone\wp_data\wp-content\plugins\permalinks-customizer\frontend\class-permalinks-customizer-frontend.php on line 770
[01-Oct-2023 15:46:10 UTC] PHP Deprecated:  trim(): Passing null to parameter #1 ($string) of type string is deprecated in D:\Xampp\htdocs\Docker\docker-eurostone\wp_data\wp-content\plugins\permalinks-customizer\frontend\class-permalinks-customizer-frontend.php on line 770
[01-Oct-2023 15:46:10 UTC] PHP Deprecated:  trim(): Passing null to parameter #1 ($string) of type string is deprecated in D:\Xampp\htdocs\Docker\docker-eurostone\wp_data\wp-content\plugins\permalinks-customizer\frontend\class-permalinks-customizer-frontend.php on line 770
[01-Oct-2023 15:46:10 UTC] PHP Deprecated:  trim(): Passing null to parameter #1 ($string) of type string is deprecated in D:\Xampp\htdocs\Docker\docker-eurostone\wp_data\wp-content\plugins\permalinks-customizer\frontend\class-permalinks-customizer-frontend.php on line 770
[01-Oct-2023 15:46:10 UTC] PHP Deprecated:  trim(): Passing null to parameter #1 ($string) of type string is deprecated in D:\Xampp\htdocs\Docker\docker-eurostone\wp_data\wp-content\plugins\permalinks-customizer\frontend\class-permalinks-customizer-frontend.php on line 770
[01-Oct-2023 15:46:10 UTC] PHP Deprecated:  trim(): Passing null to parameter #1 ($string) of type string is deprecated in D:\Xampp\htdocs\Docker\docker-eurostone\wp_data\wp-content\plugins\permalinks-customizer\frontend\class-permalinks-customizer-frontend.php on line 770
[01-Oct-2023 15:46:10 UTC] PHP Deprecated:  trim(): Passing null to parameter #1 ($string) of type string is deprecated in D:\Xampp\htdocs\Docker\docker-eurostone\wp_data\wp-content\plugins\permalinks-customizer\frontend\class-permalinks-customizer-frontend.php on line 770
[01-Oct-2023 15:46:10 UTC] PHP Deprecated:  trim(): Passing null to parameter #1 ($string) of type string is deprecated in D:\Xampp\htdocs\Docker\docker-eurostone\wp_data\wp-content\plugins\permalinks-customizer\frontend\class-permalinks-customizer-frontend.php on line 770
[01-Oct-2023 15:46:10 UTC] PHP Deprecated:  trim(): Passing null to parameter #1 ($string) of type string is deprecated in D:\Xampp\htdocs\Docker\docker-eurostone\wp_data\wp-content\plugins\permalinks-customizer\frontend\class-permalinks-customizer-frontend.php on line 770
[01-Oct-2023 15:46:10 UTC] PHP Deprecated:  trim(): Passing null to parameter #1 ($string) of type string is deprecated in D:\Xampp\htdocs\Docker\docker-eurostone\wp_data\wp-content\plugins\permalinks-customizer\frontend\class-permalinks-customizer-frontend.php on line 770
[01-Oct-2023 15:46:10 UTC] PHP Deprecated:  trim(): Passing null to parameter #1 ($string) of type string is deprecated in D:\Xampp\htdocs\Docker\docker-eurostone\wp_data\wp-content\plugins\permalinks-customizer\frontend\class-permalinks-customizer-frontend.php on line 770
[01-Oct-2023 15:46:10 UTC] PHP Deprecated:  trim(): Passing null to parameter #1 ($string) of type string is deprecated in D:\Xampp\htdocs\Docker\docker-eurostone\wp_data\wp-content\plugins\permalinks-customizer\frontend\class-permalinks-customizer-frontend.php on line 770
[01-Oct-2023 15:46:10 UTC] PHP Deprecated:  trim(): Passing null to parameter #1 ($string) of type string is deprecated in D:\Xampp\htdocs\Docker\docker-eurostone\wp_data\wp-content\plugins\permalinks-customizer\frontend\class-permalinks-customizer-frontend.php on line 770
[01-Oct-2023 15:46:10 UTC] PHP Deprecated:  trim(): Passing null to parameter #1 ($string) of type string is deprecated in D:\Xampp\htdocs\Docker\docker-eurostone\wp_data\wp-content\plugins\permalinks-customizer\frontend\class-permalinks-customizer-frontend.php on line 770
[01-Oct-2023 15:46:10 UTC] PHP Deprecated:  trim(): Passing null to parameter #1 ($string) of type string is deprecated in D:\Xampp\htdocs\Docker\docker-eurostone\wp_data\wp-content\plugins\permalinks-customizer\frontend\class-permalinks-customizer-frontend.php on line 770
[01-Oct-2023 15:46:10 UTC] PHP Deprecated:  trim(): Passing null to parameter #1 ($string) of type string is deprecated in D:\Xampp\htdocs\Docker\docker-eurostone\wp_data\wp-content\plugins\permalinks-customizer\frontend\class-permalinks-customizer-frontend.php on line 770
[01-Oct-2023 15:46:10 UTC] PHP Deprecated:  trim(): Passing null to parameter #1 ($string) of type string is deprecated in D:\Xampp\htdocs\Docker\docker-eurostone\wp_data\wp-content\plugins\permalinks-customizer\frontend\class-permalinks-customizer-frontend.php on line 770
[01-Oct-2023 15:46:10 UTC] PHP Deprecated:  trim(): Passing null to parameter #1 ($string) of type string is deprecated in D:\Xampp\htdocs\Docker\docker-eurostone\wp_data\wp-content\plugins\permalinks-customizer\frontend\class-permalinks-customizer-frontend.php on line 770
[01-Oct-2023 15:46:10 UTC] PHP Deprecated:  trim(): Passing null to parameter #1 ($string) of type string is deprecated in D:\Xampp\htdocs\Docker\docker-eurostone\wp_data\wp-content\plugins\permalinks-customizer\frontend\class-permalinks-customizer-frontend.php on line 770
[01-Oct-2023 15:46:10 UTC] PHP Deprecated:  trim(): Passing null to parameter #1 ($string) of type string is deprecated in D:\Xampp\htdocs\Docker\docker-eurostone\wp_data\wp-content\plugins\permalinks-customizer\frontend\class-permalinks-customizer-frontend.php on line 770
[01-Oct-2023 15:46:10 UTC] PHP Deprecated:  trim(): Passing null to parameter #1 ($string) of type string is deprecated in D:\Xampp\htdocs\Docker\docker-eurostone\wp_data\wp-content\plugins\permalinks-customizer\frontend\class-permalinks-customizer-frontend.php on line 770
[01-Oct-2023 15:46:10 UTC] PHP Deprecated:  trim(): Passing null to parameter #1 ($string) of type string is deprecated in D:\Xampp\htdocs\Docker\docker-eurostone\wp_data\wp-content\plugins\permalinks-customizer\frontend\class-permalinks-customizer-frontend.php on line 770
[01-Oct-2023 15:46:10 UTC] PHP Deprecated:  trim(): Passing null to parameter #1 ($string) of type string is deprecated in D:\Xampp\htdocs\Docker\docker-eurostone\wp_data\wp-content\plugins\permalinks-customizer\frontend\class-permalinks-customizer-frontend.php on line 770
[01-Oct-2023 15:46:10 UTC] PHP Deprecated:  trim(): Passing null to parameter #1 ($string) of type string is deprecated in D:\Xampp\htdocs\Docker\docker-eurostone\wp_data\wp-content\plugins\permalinks-customizer\frontend\class-permalinks-customizer-frontend.php on line 770
[01-Oct-2023 15:46:10 UTC] PHP Deprecated:  trim(): Passing null to parameter #1 ($string) of type string is deprecated in D:\Xampp\htdocs\Docker\docker-eurostone\wp_data\wp-content\plugins\permalinks-customizer\frontend\class-permalinks-customizer-frontend.php on line 770
[01-Oct-2023 15:46:10 UTC] PHP Deprecated:  trim(): Passing null to parameter #1 ($string) of type string is deprecated in D:\Xampp\htdocs\Docker\docker-eurostone\wp_data\wp-content\plugins\permalinks-customizer\frontend\class-permalinks-customizer-frontend.php on line 770
[01-Oct-2023 15:46:10 UTC] PHP Deprecated:  trim(): Passing null to parameter #1 ($string) of type string is deprecated in D:\Xampp\htdocs\Docker\docker-eurostone\wp_data\wp-content\plugins\permalinks-customizer\frontend\class-permalinks-customizer-frontend.php on line 770
[01-Oct-2023 15:55:05 UTC] PHP Deprecated:  trim(): Passing null to parameter #1 ($string) of type string is deprecated in D:\Xampp\htdocs\Docker\docker-eurostone\wp_data\wp-content\plugins\permalinks-customizer\frontend\class-permalinks-customizer-frontend.php on line 770
[01-Oct-2023 15:55:05 UTC] PHP Deprecated:  trim(): Passing null to parameter #1 ($string) of type string is deprecated in D:\Xampp\htdocs\Docker\docker-eurostone\wp_data\wp-content\plugins\permalinks-customizer\frontend\class-permalinks-customizer-frontend.php on line 770
[01-Oct-2023 15:55:05 UTC] PHP Deprecated:  trim(): Passing null to parameter #1 ($string) of type string is deprecated in D:\Xampp\htdocs\Docker\docker-eurostone\wp_data\wp-content\plugins\permalinks-customizer\frontend\class-permalinks-customizer-frontend.php on line 770
[01-Oct-2023 15:55:05 UTC] PHP Deprecated:  trim(): Passing null to parameter #1 ($string) of type string is deprecated in D:\Xampp\htdocs\Docker\docker-eurostone\wp_data\wp-content\plugins\permalinks-customizer\frontend\class-permalinks-customizer-frontend.php on line 770
[01-Oct-2023 15:55:05 UTC] PHP Deprecated:  trim(): Passing null to parameter #1 ($string) of type string is deprecated in D:\Xampp\htdocs\Docker\docker-eurostone\wp_data\wp-content\plugins\permalinks-customizer\frontend\class-permalinks-customizer-frontend.php on line 770
[01-Oct-2023 15:55:05 UTC] PHP Deprecated:  trim(): Passing null to parameter #1 ($string) of type string is deprecated in D:\Xampp\htdocs\Docker\docker-eurostone\wp_data\wp-content\plugins\permalinks-customizer\frontend\class-permalinks-customizer-frontend.php on line 770
[01-Oct-2023 15:55:05 UTC] PHP Deprecated:  trim(): Passing null to parameter #1 ($string) of type string is deprecated in D:\Xampp\htdocs\Docker\docker-eurostone\wp_data\wp-content\plugins\permalinks-customizer\frontend\class-permalinks-customizer-frontend.php on line 770
[01-Oct-2023 15:55:05 UTC] PHP Deprecated:  trim(): Passing null to parameter #1 ($string) of type string is deprecated in D:\Xampp\htdocs\Docker\docker-eurostone\wp_data\wp-content\plugins\permalinks-customizer\frontend\class-permalinks-customizer-frontend.php on line 770
[01-Oct-2023 15:55:05 UTC] PHP Deprecated:  trim(): Passing null to parameter #1 ($string) of type string is deprecated in D:\Xampp\htdocs\Docker\docker-eurostone\wp_data\wp-content\plugins\permalinks-customizer\frontend\class-permalinks-customizer-frontend.php on line 770
[01-Oct-2023 15:55:05 UTC] PHP Deprecated:  trim(): Passing null to parameter #1 ($string) of type string is deprecated in D:\Xampp\htdocs\Docker\docker-eurostone\wp_data\wp-content\plugins\permalinks-customizer\frontend\class-permalinks-customizer-frontend.php on line 770
[01-Oct-2023 15:55:05 UTC] PHP Deprecated:  trim(): Passing null to parameter #1 ($string) of type string is deprecated in D:\Xampp\htdocs\Docker\docker-eurostone\wp_data\wp-content\plugins\permalinks-customizer\frontend\class-permalinks-customizer-frontend.php on line 770
[01-Oct-2023 15:55:05 UTC] PHP Deprecated:  trim(): Passing null to parameter #1 ($string) of type string is deprecated in D:\Xampp\htdocs\Docker\docker-eurostone\wp_data\wp-content\plugins\permalinks-customizer\frontend\class-permalinks-customizer-frontend.php on line 770
[01-Oct-2023 15:55:05 UTC] PHP Deprecated:  trim(): Passing null to parameter #1 ($string) of type string is deprecated in D:\Xampp\htdocs\Docker\docker-eurostone\wp_data\wp-content\plugins\permalinks-customizer\frontend\class-permalinks-customizer-frontend.php on line 770
[01-Oct-2023 15:55:05 UTC] PHP Deprecated:  trim(): Passing null to parameter #1 ($string) of type string is deprecated in D:\Xampp\htdocs\Docker\docker-eurostone\wp_data\wp-content\plugins\permalinks-customizer\frontend\class-permalinks-customizer-frontend.php on line 770
[01-Oct-2023 15:55:05 UTC] PHP Deprecated:  trim(): Passing null to parameter #1 ($string) of type string is deprecated in D:\Xampp\htdocs\Docker\docker-eurostone\wp_data\wp-content\plugins\permalinks-customizer\frontend\class-permalinks-customizer-frontend.php on line 770
